Copyright 1986-2018 Xilinx, Inc. All Rights Reserved.
------------------------------------------------------------------------------------
| Tool Version : Vivado v.2018.2 (lin64) Build 2258646 Thu Jun 14 20:02:38 MDT 2018
| Date         : Fri Oct 15 15:25:21 2021
| Host         : juliett running 64-bit CentOS Linux release 7.8.2003 (Core)
| Command      : upgrade_ip
| Device       : xc7z020clg400-1
------------------------------------------------------------------------------------

Upgrade Log for IP 'design_1_mat_mult_0_0'

1. Summary
----------

SUCCESS in the upgrade of design_1_mat_mult_0_0 (user.org:user:mat_mult:1.0) from (Rev. 2) to (Rev. 3)






Copyright 1986-2018 Xilinx, Inc. All Rights Reserved.
------------------------------------------------------------------------------------
| Tool Version : Vivado v.2018.2 (lin64) Build 2258646 Thu Jun 14 20:02:38 MDT 2018
| Date         : Fri Oct 15 09:19:59 2021
| Host         : juliett running 64-bit CentOS Linux release 7.8.2003 (Core)
| Command      : upgrade_ip
| Device       : xc7z020clg400-1
------------------------------------------------------------------------------------

Upgrade Log for IP 'design_1_mat_mult_0_1'

1. Summary
----------

SUCCESS in the conversion of design_1_mat_mult_0_1 (user.org:user:mat_mult:1.0 (Rev. 3)) to Vivado generation flows.






Copyright 1986-2018 Xilinx, Inc. All Rights Reserved.
------------------------------------------------------------------------------------
| Tool Version : Vivado v.2018.2 (lin64) Build 2258646 Thu Jun 14 20:02:38 MDT 2018
| Date         : Fri Oct 15 09:17:58 2021
| Host         : juliett running 64-bit CentOS Linux release 7.8.2003 (Core)
| Command      : upgrade_ip
| Device       : xc7z020clg400-1
------------------------------------------------------------------------------------

Upgrade Log for IP 'design_1_mat_mult_0_1'

1. Summary
----------

SUCCESS in the upgrade of design_1_mat_mult_0_1 (user.org:user:mat_mult:1.0) from (Rev. 2) to (Rev. 3)

