11:38:31 INFO  : Registering command handlers for SDK TCF services
11:38:32 INFO  : Launching XSCT server: xsct -n -interactive /net/s/dpetitjean/Documents/Codesign_projectfiles/System/System.sdk/temp_xsdb_launch_script.tcl
11:38:33 INFO  : XSCT server has started successfully.
11:38:33 INFO  : Successfully done setting XSCT server connection channel  
11:38:33 INFO  : Successfully done setting SDK workspace  
11:38:33 INFO  : Processing command line option -hwspec /net/s/dpetitjean/Documents/Codesign_projectfiles/System/System.sdk/design_1_wrapper.hdf.
11:40:23 INFO  : Connected to target on host '127.0.0.1' and port '3121'.
11:40:23 INFO  : 'targets -set -filter {jtag_cable_name =~ "Xilinx TUL 1234-tulA" && level==0} -index 1' command is executed.
11:40:25 INFO  : FPGA configured successfully with bitstream "/net/s/dpetitjean/Documents/Codesign_projectfiles/System/System.sdk/design_1_wrapper_hw_platform_0/design_1_wrapper.bit"
11:43:23 INFO  : 'targets -set -filter {jtag_cable_name =~ "Xilinx TUL 1234-tulA" && level==0} -index 1' command is executed.
11:43:23 INFO  : 'fpga -state' command is executed.
11:43:23 INFO  : Connected to target on host '127.0.0.1' and port '3121'.
11:43:23 INFO  : Jtag cable 'Xilinx TUL 1234-tulA' is selected.
11:43:23 INFO  : 'jtag frequency' command is executed.
11:43:23 INFO  : Sourcing of '/net/s/dpetitjean/Documents/Codesign_projectfiles/System/System.sdk/design_1_wrapper_hw_platform_0/ps7_init.tcl' is done.
11:43:23 INFO  : Context for 'APU' is selected.
11:43:23 INFO  : Hardware design information is loaded from '/net/s/dpetitjean/Documents/Codesign_projectfiles/System/System.sdk/design_1_wrapper_hw_platform_0/system.hdf'.
11:43:23 INFO  : 'configparams force-mem-access 1' command is executed.
11:43:23 INFO  : Context for 'APU' is selected.
11:43:23 INFO  : 'stop' command is executed.
11:43:24 INFO  : 'ps7_init' command is executed.
11:43:24 INFO  : 'ps7_post_config' command is executed.
11:43:24 INFO  : Context for processor 'ps7_cortexa9_0' is selected.
11:43:24 INFO  : Processor reset is completed for 'ps7_cortexa9_0'.
11:43:24 INFO  : Context for processor 'ps7_cortexa9_0' is selected.
11:43:24 INFO  : The application '/net/s/dpetitjean/Documents/Codesign_projectfiles/System/System.sdk/matrix_m/Debug/matrix_m.elf' is downloaded to processor 'ps7_cortexa9_0'.
11:43:24 INFO  : 'configparams force-mem-access 0' command is executed.
11:43:24 INFO  : ----------------XSDB Script----------------
connect -url tcp:127.0.0.1:3121
source /net/s/dpetitjean/Documents/Codesign_projectfiles/System/System.sdk/design_1_wrapper_hw_platform_0/ps7_init.tcl
targets -set -nocase -filter {name =~"APU*" && jtag_cable_name =~ "Xilinx TUL 1234-tulA"} -index 0
loadhw -hw /net/s/dpetitjean/Documents/Codesign_projectfiles/System/System.sdk/design_1_wrapper_hw_platform_0/system.hdf -mem-ranges [list {0x40000000 0xbfffffff}]
configparams force-mem-access 1
targets -set -nocase -filter {name =~"APU*" && jtag_cable_name =~ "Xilinx TUL 1234-tulA"} -index 0
stop
ps7_init
ps7_post_config
targets -set -nocase -filter {name =~ "ARM*#0" && jtag_cable_name =~ "Xilinx TUL 1234-tulA"} -index 0
rst -processor
targets -set -nocase -filter {name =~ "ARM*#0" && jtag_cable_name =~ "Xilinx TUL 1234-tulA"} -index 0
dow /net/s/dpetitjean/Documents/Codesign_projectfiles/System/System.sdk/matrix_m/Debug/matrix_m.elf
configparams force-mem-access 0
----------------End of Script----------------

11:43:54 INFO  : Disconnected from the channel tcfchan#1.
11:45:22 INFO  : 'targets -set -filter {jtag_cable_name =~ "Xilinx TUL 1234-tulA" && level==0} -index 1' command is executed.
11:45:22 INFO  : 'fpga -state' command is executed.
11:45:22 INFO  : Connected to target on host '127.0.0.1' and port '3121'.
11:45:22 INFO  : Jtag cable 'Xilinx TUL 1234-tulA' is selected.
11:45:22 INFO  : 'jtag frequency' command is executed.
11:45:22 INFO  : Sourcing of '/net/s/dpetitjean/Documents/Codesign_projectfiles/System/System.sdk/design_1_wrapper_hw_platform_0/ps7_init.tcl' is done.
11:45:22 INFO  : Context for 'APU' is selected.
11:45:23 INFO  : Hardware design information is loaded from '/net/s/dpetitjean/Documents/Codesign_projectfiles/System/System.sdk/design_1_wrapper_hw_platform_0/system.hdf'.
11:45:23 INFO  : 'configparams force-mem-access 1' command is executed.
11:45:23 INFO  : Context for 'APU' is selected.
11:45:23 INFO  : 'stop' command is executed.
11:45:23 INFO  : 'ps7_init' command is executed.
11:45:23 INFO  : 'ps7_post_config' command is executed.
11:45:23 INFO  : Context for processor 'ps7_cortexa9_0' is selected.
11:45:23 INFO  : Processor reset is completed for 'ps7_cortexa9_0'.
11:45:23 INFO  : Context for processor 'ps7_cortexa9_0' is selected.
11:45:23 INFO  : The application '/net/s/dpetitjean/Documents/Codesign_projectfiles/System/System.sdk/matrix_m/Debug/matrix_m.elf' is downloaded to processor 'ps7_cortexa9_0'.
11:45:23 INFO  : 'configparams force-mem-access 0' command is executed.
11:45:23 INFO  : ----------------XSDB Script----------------
connect -url tcp:127.0.0.1:3121
source /net/s/dpetitjean/Documents/Codesign_projectfiles/System/System.sdk/design_1_wrapper_hw_platform_0/ps7_init.tcl
targets -set -nocase -filter {name =~"APU*" && jtag_cable_name =~ "Xilinx TUL 1234-tulA"} -index 0
loadhw -hw /net/s/dpetitjean/Documents/Codesign_projectfiles/System/System.sdk/design_1_wrapper_hw_platform_0/system.hdf -mem-ranges [list {0x40000000 0xbfffffff}]
configparams force-mem-access 1
targets -set -nocase -filter {name =~"APU*" && jtag_cable_name =~ "Xilinx TUL 1234-tulA"} -index 0
stop
ps7_init
ps7_post_config
targets -set -nocase -filter {name =~ "ARM*#0" && jtag_cable_name =~ "Xilinx TUL 1234-tulA"} -index 0
rst -processor
targets -set -nocase -filter {name =~ "ARM*#0" && jtag_cable_name =~ "Xilinx TUL 1234-tulA"} -index 0
dow /net/s/dpetitjean/Documents/Codesign_projectfiles/System/System.sdk/matrix_m/Debug/matrix_m.elf
configparams force-mem-access 0
----------------End of Script----------------

08:38:29 INFO  : Launching XSCT server: xsct -n -interactive /net/s/dpetitjean/Documents/Codesign_projectfiles/System/System.sdk/temp_xsdb_launch_script.tcl
08:38:31 INFO  : XSCT server has started successfully.
08:38:35 INFO  : Successfully done setting XSCT server connection channel  
08:38:35 INFO  : Successfully done setting SDK workspace  
08:38:41 INFO  : Registering command handlers for SDK TCF services
08:38:41 INFO  : Processing command line option -hwspec /net/s/dpetitjean/Documents/Codesign_projectfiles/System/System.sdk/design_1_wrapper.hdf.
08:38:41 INFO  : Checking for hwspec changes in the project design_1_wrapper_hw_platform_0.
08:43:55 INFO  : 'targets -set -filter {jtag_cable_name =~ "Xilinx TUL 1234-tulA" && level==0} -index 1' command is executed.
08:43:55 INFO  : 'fpga -state' command is executed.
08:45:12 INFO  : 'targets -set -filter {jtag_cable_name =~ "Xilinx TUL 1234-tulA" && level==0} -index 1' command is executed.
08:45:12 INFO  : 'fpga -state' command is executed.
08:45:54 INFO  : Connected to target on host '127.0.0.1' and port '3121'.
08:45:54 INFO  : 'targets -set -filter {jtag_cable_name =~ "Xilinx TUL 1234-tulA" && level==0} -index 1' command is executed.
08:46:00 INFO  : FPGA configured successfully with bitstream "/net/s/dpetitjean/Documents/Codesign_projectfiles/System/System.sdk/design_1_wrapper_hw_platform_0/design_1_wrapper.bit"
08:46:39 INFO  : 'targets -set -filter {jtag_cable_name =~ "Xilinx TUL 1234-tulA" && level==0} -index 1' command is executed.
08:46:39 INFO  : 'fpga -state' command is executed.
08:46:39 INFO  : Connected to target on host '127.0.0.1' and port '3121'.
08:46:39 INFO  : Jtag cable 'Xilinx TUL 1234-tulA' is selected.
08:46:39 INFO  : 'jtag frequency' command is executed.
08:46:39 INFO  : Sourcing of '/net/s/dpetitjean/Documents/Codesign_projectfiles/System/System.sdk/design_1_wrapper_hw_platform_0/ps7_init.tcl' is done.
08:46:39 INFO  : Context for 'APU' is selected.
08:46:39 INFO  : Hardware design information is loaded from '/net/s/dpetitjean/Documents/Codesign_projectfiles/System/System.sdk/design_1_wrapper_hw_platform_0/system.hdf'.
08:46:39 INFO  : 'configparams force-mem-access 1' command is executed.
08:46:39 INFO  : Context for 'APU' is selected.
08:46:40 INFO  : 'stop' command is executed.
08:46:40 INFO  : 'ps7_init' command is executed.
08:46:40 INFO  : 'ps7_post_config' command is executed.
08:46:40 INFO  : Context for processor 'ps7_cortexa9_0' is selected.
08:46:40 INFO  : Processor reset is completed for 'ps7_cortexa9_0'.
08:46:40 INFO  : Context for processor 'ps7_cortexa9_0' is selected.
08:46:40 INFO  : The application '/net/s/dpetitjean/Documents/Codesign_projectfiles/System/System.sdk/matrix_m/Debug/matrix_m.elf' is downloaded to processor 'ps7_cortexa9_0'.
08:46:40 INFO  : 'configparams force-mem-access 0' command is executed.
08:46:40 INFO  : ----------------XSDB Script----------------
connect -url tcp:127.0.0.1:3121
source /net/s/dpetitjean/Documents/Codesign_projectfiles/System/System.sdk/design_1_wrapper_hw_platform_0/ps7_init.tcl
targets -set -nocase -filter {name =~"APU*" && jtag_cable_name =~ "Xilinx TUL 1234-tulA"} -index 0
loadhw -hw /net/s/dpetitjean/Documents/Codesign_projectfiles/System/System.sdk/design_1_wrapper_hw_platform_0/system.hdf -mem-ranges [list {0x40000000 0xbfffffff}]
configparams force-mem-access 1
targets -set -nocase -filter {name =~"APU*" && jtag_cable_name =~ "Xilinx TUL 1234-tulA"} -index 0
stop
ps7_init
ps7_post_config
targets -set -nocase -filter {name =~ "ARM*#0" && jtag_cable_name =~ "Xilinx TUL 1234-tulA"} -index 0
rst -processor
targets -set -nocase -filter {name =~ "ARM*#0" && jtag_cable_name =~ "Xilinx TUL 1234-tulA"} -index 0
dow /net/s/dpetitjean/Documents/Codesign_projectfiles/System/System.sdk/matrix_m/Debug/matrix_m.elf
configparams force-mem-access 0
----------------End of Script----------------

08:48:44 INFO  : Disconnected from the channel tcfchan#1.
08:54:26 INFO  : 'targets -set -filter {jtag_cable_name =~ "Xilinx TUL 1234-tulA" && level==0} -index 1' command is executed.
08:54:26 INFO  : 'fpga -state' command is executed.
08:54:26 INFO  : Connected to target on host '127.0.0.1' and port '3121'.
08:54:26 INFO  : Jtag cable 'Xilinx TUL 1234-tulA' is selected.
08:54:26 INFO  : 'jtag frequency' command is executed.
08:54:26 INFO  : Sourcing of '/net/s/dpetitjean/Documents/Codesign_projectfiles/System/System.sdk/design_1_wrapper_hw_platform_0/ps7_init.tcl' is done.
08:54:26 INFO  : Context for 'APU' is selected.
08:54:26 INFO  : Hardware design information is loaded from '/net/s/dpetitjean/Documents/Codesign_projectfiles/System/System.sdk/design_1_wrapper_hw_platform_0/system.hdf'.
08:54:26 INFO  : 'configparams force-mem-access 1' command is executed.
08:54:26 INFO  : Context for 'APU' is selected.
08:54:26 INFO  : 'stop' command is executed.
08:54:26 INFO  : 'ps7_init' command is executed.
08:54:26 INFO  : 'ps7_post_config' command is executed.
08:54:27 INFO  : Context for processor 'ps7_cortexa9_0' is selected.
08:54:27 INFO  : Processor reset is completed for 'ps7_cortexa9_0'.
08:54:27 INFO  : Context for processor 'ps7_cortexa9_0' is selected.
08:54:27 INFO  : The application '/net/s/dpetitjean/Documents/Codesign_projectfiles/System/System.sdk/matrix_m/Debug/matrix_m.elf' is downloaded to processor 'ps7_cortexa9_0'.
08:54:27 INFO  : 'configparams force-mem-access 0' command is executed.
08:54:27 INFO  : ----------------XSDB Script----------------
connect -url tcp:127.0.0.1:3121
source /net/s/dpetitjean/Documents/Codesign_projectfiles/System/System.sdk/design_1_wrapper_hw_platform_0/ps7_init.tcl
targets -set -nocase -filter {name =~"APU*" && jtag_cable_name =~ "Xilinx TUL 1234-tulA"} -index 0
loadhw -hw /net/s/dpetitjean/Documents/Codesign_projectfiles/System/System.sdk/design_1_wrapper_hw_platform_0/system.hdf -mem-ranges [list {0x40000000 0xbfffffff}]
configparams force-mem-access 1
targets -set -nocase -filter {name =~"APU*" && jtag_cable_name =~ "Xilinx TUL 1234-tulA"} -index 0
stop
ps7_init
ps7_post_config
targets -set -nocase -filter {name =~ "ARM*#0" && jtag_cable_name =~ "Xilinx TUL 1234-tulA"} -index 0
rst -processor
targets -set -nocase -filter {name =~ "ARM*#0" && jtag_cable_name =~ "Xilinx TUL 1234-tulA"} -index 0
dow /net/s/dpetitjean/Documents/Codesign_projectfiles/System/System.sdk/matrix_m/Debug/matrix_m.elf
configparams force-mem-access 0
----------------End of Script----------------

08:54:44 INFO  : Disconnected from the channel tcfchan#2.
08:54:55 INFO  : 'targets -set -filter {jtag_cable_name =~ "Xilinx TUL 1234-tulA" && level==0} -index 1' command is executed.
08:54:55 INFO  : 'fpga -state' command is executed.
08:54:55 INFO  : Connected to target on host '127.0.0.1' and port '3121'.
08:54:55 INFO  : Jtag cable 'Xilinx TUL 1234-tulA' is selected.
08:54:55 INFO  : 'jtag frequency' command is executed.
08:54:55 INFO  : Sourcing of '/net/s/dpetitjean/Documents/Codesign_projectfiles/System/System.sdk/design_1_wrapper_hw_platform_0/ps7_init.tcl' is done.
08:54:55 INFO  : Context for 'APU' is selected.
08:54:55 INFO  : Hardware design information is loaded from '/net/s/dpetitjean/Documents/Codesign_projectfiles/System/System.sdk/design_1_wrapper_hw_platform_0/system.hdf'.
08:54:55 INFO  : 'configparams force-mem-access 1' command is executed.
08:54:55 INFO  : Context for 'APU' is selected.
08:54:55 INFO  : 'stop' command is executed.
08:54:56 INFO  : 'ps7_init' command is executed.
08:54:56 INFO  : 'ps7_post_config' command is executed.
08:54:56 INFO  : Context for processor 'ps7_cortexa9_0' is selected.
08:54:56 INFO  : Processor reset is completed for 'ps7_cortexa9_0'.
08:54:56 INFO  : Context for processor 'ps7_cortexa9_0' is selected.
08:54:56 INFO  : The application '/net/s/dpetitjean/Documents/Codesign_projectfiles/System/System.sdk/matrix_m/Debug/matrix_m.elf' is downloaded to processor 'ps7_cortexa9_0'.
08:54:56 INFO  : 'configparams force-mem-access 0' command is executed.
08:54:56 INFO  : ----------------XSDB Script----------------
connect -url tcp:127.0.0.1:3121
source /net/s/dpetitjean/Documents/Codesign_projectfiles/System/System.sdk/design_1_wrapper_hw_platform_0/ps7_init.tcl
targets -set -nocase -filter {name =~"APU*" && jtag_cable_name =~ "Xilinx TUL 1234-tulA"} -index 0
loadhw -hw /net/s/dpetitjean/Documents/Codesign_projectfiles/System/System.sdk/design_1_wrapper_hw_platform_0/system.hdf -mem-ranges [list {0x40000000 0xbfffffff}]
configparams force-mem-access 1
targets -set -nocase -filter {name =~"APU*" && jtag_cable_name =~ "Xilinx TUL 1234-tulA"} -index 0
stop
ps7_init
ps7_post_config
targets -set -nocase -filter {name =~ "ARM*#0" && jtag_cable_name =~ "Xilinx TUL 1234-tulA"} -index 0
rst -processor
targets -set -nocase -filter {name =~ "ARM*#0" && jtag_cable_name =~ "Xilinx TUL 1234-tulA"} -index 0
dow /net/s/dpetitjean/Documents/Codesign_projectfiles/System/System.sdk/matrix_m/Debug/matrix_m.elf
configparams force-mem-access 0
----------------End of Script----------------

08:55:33 INFO  : Disconnected from the channel tcfchan#3.
08:57:06 INFO  : 'targets -set -filter {jtag_cable_name =~ "Xilinx TUL 1234-tulA" && level==0} -index 1' command is executed.
08:57:06 INFO  : 'fpga -state' command is executed.
08:57:06 INFO  : Connected to target on host '127.0.0.1' and port '3121'.
08:57:06 INFO  : Jtag cable 'Xilinx TUL 1234-tulA' is selected.
08:57:06 INFO  : 'jtag frequency' command is executed.
08:57:06 INFO  : Sourcing of '/net/s/dpetitjean/Documents/Codesign_projectfiles/System/System.sdk/design_1_wrapper_hw_platform_0/ps7_init.tcl' is done.
08:57:07 INFO  : Context for 'APU' is selected.
08:57:09 INFO  : Hardware design information is loaded from '/net/s/dpetitjean/Documents/Codesign_projectfiles/System/System.sdk/design_1_wrapper_hw_platform_0/system.hdf'.
08:57:09 INFO  : 'configparams force-mem-access 1' command is executed.
08:57:09 INFO  : Context for 'APU' is selected.
08:57:09 INFO  : 'stop' command is executed.
08:57:09 INFO  : 'ps7_init' command is executed.
08:57:09 INFO  : 'ps7_post_config' command is executed.
08:57:09 INFO  : Context for processor 'ps7_cortexa9_0' is selected.
08:57:10 INFO  : Processor reset is completed for 'ps7_cortexa9_0'.
08:57:10 INFO  : Context for processor 'ps7_cortexa9_0' is selected.
08:57:10 INFO  : The application '/net/s/dpetitjean/Documents/Codesign_projectfiles/System/System.sdk/matrix_m/Debug/matrix_m.elf' is downloaded to processor 'ps7_cortexa9_0'.
08:57:10 INFO  : 'configparams force-mem-access 0' command is executed.
08:57:10 INFO  : ----------------XSDB Script----------------
connect -url tcp:127.0.0.1:3121
source /net/s/dpetitjean/Documents/Codesign_projectfiles/System/System.sdk/design_1_wrapper_hw_platform_0/ps7_init.tcl
targets -set -nocase -filter {name =~"APU*" && jtag_cable_name =~ "Xilinx TUL 1234-tulA"} -index 0
loadhw -hw /net/s/dpetitjean/Documents/Codesign_projectfiles/System/System.sdk/design_1_wrapper_hw_platform_0/system.hdf -mem-ranges [list {0x40000000 0xbfffffff}]
configparams force-mem-access 1
targets -set -nocase -filter {name =~"APU*" && jtag_cable_name =~ "Xilinx TUL 1234-tulA"} -index 0
stop
ps7_init
ps7_post_config
targets -set -nocase -filter {name =~ "ARM*#0" && jtag_cable_name =~ "Xilinx TUL 1234-tulA"} -index 0
rst -processor
targets -set -nocase -filter {name =~ "ARM*#0" && jtag_cable_name =~ "Xilinx TUL 1234-tulA"} -index 0
dow /net/s/dpetitjean/Documents/Codesign_projectfiles/System/System.sdk/matrix_m/Debug/matrix_m.elf
configparams force-mem-access 0
----------------End of Script----------------

08:57:45 INFO  : Disconnected from the channel tcfchan#4.
09:02:05 INFO  : 'targets -set -filter {jtag_cable_name =~ "Xilinx TUL 1234-tulA" && level==0} -index 1' command is executed.
09:02:05 INFO  : 'fpga -state' command is executed.
09:02:05 INFO  : Connected to target on host '127.0.0.1' and port '3121'.
09:02:06 INFO  : Jtag cable 'Xilinx TUL 1234-tulA' is selected.
09:02:06 INFO  : 'jtag frequency' command is executed.
09:02:06 INFO  : Sourcing of '/net/s/dpetitjean/Documents/Codesign_projectfiles/System/System.sdk/design_1_wrapper_hw_platform_0/ps7_init.tcl' is done.
09:02:06 INFO  : Context for 'APU' is selected.
09:02:10 INFO  : Hardware design information is loaded from '/net/s/dpetitjean/Documents/Codesign_projectfiles/System/System.sdk/design_1_wrapper_hw_platform_0/system.hdf'.
09:02:11 INFO  : 'configparams force-mem-access 1' command is executed.
09:02:11 INFO  : Context for 'APU' is selected.
09:02:11 INFO  : 'stop' command is executed.
09:02:11 INFO  : 'ps7_init' command is executed.
09:02:12 INFO  : 'ps7_post_config' command is executed.
09:02:12 INFO  : Context for processor 'ps7_cortexa9_0' is selected.
09:02:12 INFO  : Processor reset is completed for 'ps7_cortexa9_0'.
09:02:12 INFO  : Context for processor 'ps7_cortexa9_0' is selected.
09:02:13 INFO  : The application '/net/s/dpetitjean/Documents/Codesign_projectfiles/System/System.sdk/matrix_m/Debug/matrix_m.elf' is downloaded to processor 'ps7_cortexa9_0'.
09:02:13 INFO  : 'configparams force-mem-access 0' command is executed.
09:02:13 INFO  : ----------------XSDB Script----------------
connect -url tcp:127.0.0.1:3121
source /net/s/dpetitjean/Documents/Codesign_projectfiles/System/System.sdk/design_1_wrapper_hw_platform_0/ps7_init.tcl
targets -set -nocase -filter {name =~"APU*" && jtag_cable_name =~ "Xilinx TUL 1234-tulA"} -index 0
loadhw -hw /net/s/dpetitjean/Documents/Codesign_projectfiles/System/System.sdk/design_1_wrapper_hw_platform_0/system.hdf -mem-ranges [list {0x40000000 0xbfffffff}]
configparams force-mem-access 1
targets -set -nocase -filter {name =~"APU*" && jtag_cable_name =~ "Xilinx TUL 1234-tulA"} -index 0
stop
ps7_init
ps7_post_config
targets -set -nocase -filter {name =~ "ARM*#0" && jtag_cable_name =~ "Xilinx TUL 1234-tulA"} -index 0
rst -processor
targets -set -nocase -filter {name =~ "ARM*#0" && jtag_cable_name =~ "Xilinx TUL 1234-tulA"} -index 0
dow /net/s/dpetitjean/Documents/Codesign_projectfiles/System/System.sdk/matrix_m/Debug/matrix_m.elf
configparams force-mem-access 0
----------------End of Script----------------

09:08:41 INFO  : Disconnected from the channel tcfchan#5.
09:10:15 INFO  : 'targets -set -filter {jtag_cable_name =~ "Xilinx TUL 1234-tulA" && level==0} -index 1' command is executed.
09:10:15 INFO  : 'fpga -state' command is executed.
09:10:15 INFO  : Connected to target on host '127.0.0.1' and port '3121'.
09:10:15 INFO  : Jtag cable 'Xilinx TUL 1234-tulA' is selected.
09:10:15 INFO  : 'jtag frequency' command is executed.
09:10:15 INFO  : Sourcing of '/net/s/dpetitjean/Documents/Codesign_projectfiles/System/System.sdk/design_1_wrapper_hw_platform_0/ps7_init.tcl' is done.
09:10:15 INFO  : Context for 'APU' is selected.
09:10:18 INFO  : Hardware design information is loaded from '/net/s/dpetitjean/Documents/Codesign_projectfiles/System/System.sdk/design_1_wrapper_hw_platform_0/system.hdf'.
09:10:18 INFO  : 'configparams force-mem-access 1' command is executed.
09:10:18 INFO  : Context for 'APU' is selected.
09:10:18 INFO  : 'stop' command is executed.
09:10:18 INFO  : 'ps7_init' command is executed.
09:10:18 INFO  : 'ps7_post_config' command is executed.
09:10:18 INFO  : Context for processor 'ps7_cortexa9_0' is selected.
09:10:18 INFO  : Processor reset is completed for 'ps7_cortexa9_0'.
09:10:18 INFO  : Context for processor 'ps7_cortexa9_0' is selected.
09:10:19 INFO  : The application '/net/s/dpetitjean/Documents/Codesign_projectfiles/System/System.sdk/matrix_m/Debug/matrix_m.elf' is downloaded to processor 'ps7_cortexa9_0'.
09:10:19 INFO  : 'configparams force-mem-access 0' command is executed.
09:10:19 INFO  : ----------------XSDB Script----------------
connect -url tcp:127.0.0.1:3121
source /net/s/dpetitjean/Documents/Codesign_projectfiles/System/System.sdk/design_1_wrapper_hw_platform_0/ps7_init.tcl
targets -set -nocase -filter {name =~"APU*" && jtag_cable_name =~ "Xilinx TUL 1234-tulA"} -index 0
loadhw -hw /net/s/dpetitjean/Documents/Codesign_projectfiles/System/System.sdk/design_1_wrapper_hw_platform_0/system.hdf -mem-ranges [list {0x40000000 0xbfffffff}]
configparams force-mem-access 1
targets -set -nocase -filter {name =~"APU*" && jtag_cable_name =~ "Xilinx TUL 1234-tulA"} -index 0
stop
ps7_init
ps7_post_config
targets -set -nocase -filter {name =~ "ARM*#0" && jtag_cable_name =~ "Xilinx TUL 1234-tulA"} -index 0
rst -processor
targets -set -nocase -filter {name =~ "ARM*#0" && jtag_cable_name =~ "Xilinx TUL 1234-tulA"} -index 0
dow /net/s/dpetitjean/Documents/Codesign_projectfiles/System/System.sdk/matrix_m/Debug/matrix_m.elf
configparams force-mem-access 0
----------------End of Script----------------

09:10:19 INFO  : Context for processor 'ps7_cortexa9_0' is selected.
09:10:19 INFO  : 'con' command is executed.
09:10:19 INFO  : ----------------XSDB Script (After Launch)----------------
targets -set -nocase -filter {name =~ "ARM*#0" && jtag_cable_name =~ "Xilinx TUL 1234-tulA"} -index 0
con
----------------End of Script----------------

09:10:19 INFO  : Disconnected from the channel tcfchan#6.
09:10:47 INFO  : 'targets -set -filter {jtag_cable_name =~ "Xilinx TUL 1234-tulA" && level==0} -index 1' command is executed.
09:10:47 INFO  : 'fpga -state' command is executed.
09:10:47 INFO  : Connected to target on host '127.0.0.1' and port '3121'.
09:10:47 INFO  : Jtag cable 'Xilinx TUL 1234-tulA' is selected.
09:10:47 INFO  : 'jtag frequency' command is executed.
09:10:47 INFO  : Sourcing of '/net/s/dpetitjean/Documents/Codesign_projectfiles/System/System.sdk/design_1_wrapper_hw_platform_0/ps7_init.tcl' is done.
09:10:47 INFO  : Context for 'APU' is selected.
09:10:47 INFO  : Hardware design information is loaded from '/net/s/dpetitjean/Documents/Codesign_projectfiles/System/System.sdk/design_1_wrapper_hw_platform_0/system.hdf'.
09:10:47 INFO  : 'configparams force-mem-access 1' command is executed.
09:10:47 INFO  : Context for 'APU' is selected.
09:10:47 INFO  : 'stop' command is executed.
09:10:48 INFO  : 'ps7_init' command is executed.
09:10:48 INFO  : 'ps7_post_config' command is executed.
09:10:48 INFO  : Context for processor 'ps7_cortexa9_0' is selected.
09:10:48 INFO  : Processor reset is completed for 'ps7_cortexa9_0'.
09:10:48 INFO  : Context for processor 'ps7_cortexa9_0' is selected.
09:10:48 INFO  : The application '/net/s/dpetitjean/Documents/Codesign_projectfiles/System/System.sdk/matrix_m/Debug/matrix_m.elf' is downloaded to processor 'ps7_cortexa9_0'.
09:10:48 INFO  : 'configparams force-mem-access 0' command is executed.
09:10:48 INFO  : ----------------XSDB Script----------------
connect -url tcp:127.0.0.1:3121
source /net/s/dpetitjean/Documents/Codesign_projectfiles/System/System.sdk/design_1_wrapper_hw_platform_0/ps7_init.tcl
targets -set -nocase -filter {name =~"APU*" && jtag_cable_name =~ "Xilinx TUL 1234-tulA"} -index 0
loadhw -hw /net/s/dpetitjean/Documents/Codesign_projectfiles/System/System.sdk/design_1_wrapper_hw_platform_0/system.hdf -mem-ranges [list {0x40000000 0xbfffffff}]
configparams force-mem-access 1
targets -set -nocase -filter {name =~"APU*" && jtag_cable_name =~ "Xilinx TUL 1234-tulA"} -index 0
stop
ps7_init
ps7_post_config
targets -set -nocase -filter {name =~ "ARM*#0" && jtag_cable_name =~ "Xilinx TUL 1234-tulA"} -index 0
rst -processor
targets -set -nocase -filter {name =~ "ARM*#0" && jtag_cable_name =~ "Xilinx TUL 1234-tulA"} -index 0
dow /net/s/dpetitjean/Documents/Codesign_projectfiles/System/System.sdk/matrix_m/Debug/matrix_m.elf
configparams force-mem-access 0
----------------End of Script----------------

09:12:59 INFO  : Disconnected from the channel tcfchan#7.
09:16:42 INFO  : 'targets -set -filter {jtag_cable_name =~ "Xilinx TUL 1234-tulA" && level==0} -index 1' command is executed.
09:16:42 INFO  : 'fpga -state' command is executed.
09:16:42 INFO  : Connected to target on host '127.0.0.1' and port '3121'.
09:16:42 INFO  : Jtag cable 'Xilinx TUL 1234-tulA' is selected.
09:16:42 INFO  : 'jtag frequency' command is executed.
09:16:42 INFO  : Sourcing of '/net/s/dpetitjean/Documents/Codesign_projectfiles/System/System.sdk/design_1_wrapper_hw_platform_0/ps7_init.tcl' is done.
09:16:42 INFO  : Context for 'APU' is selected.
09:16:42 INFO  : Hardware design information is loaded from '/net/s/dpetitjean/Documents/Codesign_projectfiles/System/System.sdk/design_1_wrapper_hw_platform_0/system.hdf'.
09:16:42 INFO  : 'configparams force-mem-access 1' command is executed.
09:16:42 INFO  : Context for 'APU' is selected.
09:16:42 INFO  : 'stop' command is executed.
09:16:43 INFO  : 'ps7_init' command is executed.
09:16:43 INFO  : 'ps7_post_config' command is executed.
09:16:43 INFO  : Context for processor 'ps7_cortexa9_0' is selected.
09:16:43 INFO  : Processor reset is completed for 'ps7_cortexa9_0'.
09:16:43 INFO  : Context for processor 'ps7_cortexa9_0' is selected.
09:16:43 INFO  : The application '/net/s/dpetitjean/Documents/Codesign_projectfiles/System/System.sdk/matrix_m/Debug/matrix_m.elf' is downloaded to processor 'ps7_cortexa9_0'.
09:16:43 INFO  : 'configparams force-mem-access 0' command is executed.
09:16:43 INFO  : ----------------XSDB Script----------------
connect -url tcp:127.0.0.1:3121
source /net/s/dpetitjean/Documents/Codesign_projectfiles/System/System.sdk/design_1_wrapper_hw_platform_0/ps7_init.tcl
targets -set -nocase -filter {name =~"APU*" && jtag_cable_name =~ "Xilinx TUL 1234-tulA"} -index 0
loadhw -hw /net/s/dpetitjean/Documents/Codesign_projectfiles/System/System.sdk/design_1_wrapper_hw_platform_0/system.hdf -mem-ranges [list {0x40000000 0xbfffffff}]
configparams force-mem-access 1
targets -set -nocase -filter {name =~"APU*" && jtag_cable_name =~ "Xilinx TUL 1234-tulA"} -index 0
stop
ps7_init
ps7_post_config
targets -set -nocase -filter {name =~ "ARM*#0" && jtag_cable_name =~ "Xilinx TUL 1234-tulA"} -index 0
rst -processor
targets -set -nocase -filter {name =~ "ARM*#0" && jtag_cable_name =~ "Xilinx TUL 1234-tulA"} -index 0
dow /net/s/dpetitjean/Documents/Codesign_projectfiles/System/System.sdk/matrix_m/Debug/matrix_m.elf
configparams force-mem-access 0
----------------End of Script----------------

09:17:06 INFO  : Disconnected from the channel tcfchan#8.
09:25:58 INFO  : 'targets -set -filter {jtag_cable_name =~ "Xilinx TUL 1234-tulA" && level==0} -index 1' command is executed.
09:25:58 INFO  : 'fpga -state' command is executed.
09:25:58 INFO  : Connected to target on host '127.0.0.1' and port '3121'.
09:25:59 INFO  : Jtag cable 'Xilinx TUL 1234-tulA' is selected.
09:25:59 INFO  : 'jtag frequency' command is executed.
09:25:59 INFO  : Sourcing of '/net/s/dpetitjean/Documents/Codesign_projectfiles/System/System.sdk/design_1_wrapper_hw_platform_0/ps7_init.tcl' is done.
09:25:59 INFO  : Context for 'APU' is selected.
09:25:59 INFO  : Hardware design information is loaded from '/net/s/dpetitjean/Documents/Codesign_projectfiles/System/System.sdk/design_1_wrapper_hw_platform_0/system.hdf'.
09:25:59 INFO  : 'configparams force-mem-access 1' command is executed.
09:25:59 INFO  : Context for 'APU' is selected.
09:25:59 INFO  : 'stop' command is executed.
09:25:59 INFO  : 'ps7_init' command is executed.
09:25:59 INFO  : 'ps7_post_config' command is executed.
09:25:59 INFO  : Context for processor 'ps7_cortexa9_0' is selected.
09:25:59 INFO  : Processor reset is completed for 'ps7_cortexa9_0'.
09:25:59 INFO  : Context for processor 'ps7_cortexa9_0' is selected.
09:25:59 INFO  : The application '/net/s/dpetitjean/Documents/Codesign_projectfiles/System/System.sdk/matrix_m/Debug/matrix_m.elf' is downloaded to processor 'ps7_cortexa9_0'.
09:25:59 INFO  : 'configparams force-mem-access 0' command is executed.
09:25:59 INFO  : ----------------XSDB Script----------------
connect -url tcp:127.0.0.1:3121
source /net/s/dpetitjean/Documents/Codesign_projectfiles/System/System.sdk/design_1_wrapper_hw_platform_0/ps7_init.tcl
targets -set -nocase -filter {name =~"APU*" && jtag_cable_name =~ "Xilinx TUL 1234-tulA"} -index 0
loadhw -hw /net/s/dpetitjean/Documents/Codesign_projectfiles/System/System.sdk/design_1_wrapper_hw_platform_0/system.hdf -mem-ranges [list {0x40000000 0xbfffffff}]
configparams force-mem-access 1
targets -set -nocase -filter {name =~"APU*" && jtag_cable_name =~ "Xilinx TUL 1234-tulA"} -index 0
stop
ps7_init
ps7_post_config
targets -set -nocase -filter {name =~ "ARM*#0" && jtag_cable_name =~ "Xilinx TUL 1234-tulA"} -index 0
rst -processor
targets -set -nocase -filter {name =~ "ARM*#0" && jtag_cable_name =~ "Xilinx TUL 1234-tulA"} -index 0
dow /net/s/dpetitjean/Documents/Codesign_projectfiles/System/System.sdk/matrix_m/Debug/matrix_m.elf
configparams force-mem-access 0
----------------End of Script----------------

09:26:14 INFO  : Disconnected from the channel tcfchan#9.
09:26:27 INFO  : 'targets -set -filter {jtag_cable_name =~ "Xilinx TUL 1234-tulA" && level==0} -index 1' command is executed.
09:26:27 INFO  : 'fpga -state' command is executed.
09:26:27 INFO  : Connected to target on host '127.0.0.1' and port '3121'.
09:26:27 INFO  : Jtag cable 'Xilinx TUL 1234-tulA' is selected.
09:26:28 INFO  : 'jtag frequency' command is executed.
09:26:28 INFO  : Sourcing of '/net/s/dpetitjean/Documents/Codesign_projectfiles/System/System.sdk/design_1_wrapper_hw_platform_0/ps7_init.tcl' is done.
09:26:28 INFO  : Context for 'APU' is selected.
09:26:28 INFO  : Hardware design information is loaded from '/net/s/dpetitjean/Documents/Codesign_projectfiles/System/System.sdk/design_1_wrapper_hw_platform_0/system.hdf'.
09:26:28 INFO  : 'configparams force-mem-access 1' command is executed.
09:26:28 INFO  : Context for 'APU' is selected.
09:26:28 INFO  : 'stop' command is executed.
09:26:28 INFO  : 'ps7_init' command is executed.
09:26:28 INFO  : 'ps7_post_config' command is executed.
09:26:28 INFO  : Context for processor 'ps7_cortexa9_0' is selected.
09:26:28 INFO  : Processor reset is completed for 'ps7_cortexa9_0'.
09:26:28 INFO  : Context for processor 'ps7_cortexa9_0' is selected.
09:26:28 INFO  : The application '/net/s/dpetitjean/Documents/Codesign_projectfiles/System/System.sdk/matrix_m/Debug/matrix_m.elf' is downloaded to processor 'ps7_cortexa9_0'.
09:26:28 INFO  : 'configparams force-mem-access 0' command is executed.
09:26:28 INFO  : ----------------XSDB Script----------------
connect -url tcp:127.0.0.1:3121
source /net/s/dpetitjean/Documents/Codesign_projectfiles/System/System.sdk/design_1_wrapper_hw_platform_0/ps7_init.tcl
targets -set -nocase -filter {name =~"APU*" && jtag_cable_name =~ "Xilinx TUL 1234-tulA"} -index 0
loadhw -hw /net/s/dpetitjean/Documents/Codesign_projectfiles/System/System.sdk/design_1_wrapper_hw_platform_0/system.hdf -mem-ranges [list {0x40000000 0xbfffffff}]
configparams force-mem-access 1
targets -set -nocase -filter {name =~"APU*" && jtag_cable_name =~ "Xilinx TUL 1234-tulA"} -index 0
stop
ps7_init
ps7_post_config
targets -set -nocase -filter {name =~ "ARM*#0" && jtag_cable_name =~ "Xilinx TUL 1234-tulA"} -index 0
rst -processor
targets -set -nocase -filter {name =~ "ARM*#0" && jtag_cable_name =~ "Xilinx TUL 1234-tulA"} -index 0
dow /net/s/dpetitjean/Documents/Codesign_projectfiles/System/System.sdk/matrix_m/Debug/matrix_m.elf
configparams force-mem-access 0
----------------End of Script----------------

09:35:04 INFO  : Disconnected from the channel tcfchan#10.
09:35:36 INFO  : 'targets -set -filter {jtag_cable_name =~ "Xilinx TUL 1234-tulA" && level==0} -index 1' command is executed.
09:35:36 INFO  : 'fpga -state' command is executed.
09:35:36 INFO  : Connected to target on host '127.0.0.1' and port '3121'.
09:35:37 INFO  : Jtag cable 'Xilinx TUL 1234-tulA' is selected.
09:35:37 INFO  : 'jtag frequency' command is executed.
09:35:37 INFO  : Sourcing of '/net/s/dpetitjean/Documents/Codesign_projectfiles/System/System.sdk/design_1_wrapper_hw_platform_0/ps7_init.tcl' is done.
09:35:37 INFO  : Context for 'APU' is selected.
09:35:37 INFO  : Hardware design information is loaded from '/net/s/dpetitjean/Documents/Codesign_projectfiles/System/System.sdk/design_1_wrapper_hw_platform_0/system.hdf'.
09:35:37 INFO  : 'configparams force-mem-access 1' command is executed.
09:35:37 INFO  : Context for 'APU' is selected.
09:35:37 INFO  : 'stop' command is executed.
09:35:37 INFO  : 'ps7_init' command is executed.
09:35:37 INFO  : 'ps7_post_config' command is executed.
09:35:37 INFO  : Context for processor 'ps7_cortexa9_0' is selected.
09:35:37 INFO  : Processor reset is completed for 'ps7_cortexa9_0'.
09:35:37 INFO  : Context for processor 'ps7_cortexa9_0' is selected.
09:35:38 INFO  : The application '/net/s/dpetitjean/Documents/Codesign_projectfiles/System/System.sdk/matrix_m/Debug/matrix_m.elf' is downloaded to processor 'ps7_cortexa9_0'.
09:35:38 INFO  : 'configparams force-mem-access 0' command is executed.
09:35:38 INFO  : ----------------XSDB Script----------------
connect -url tcp:127.0.0.1:3121
source /net/s/dpetitjean/Documents/Codesign_projectfiles/System/System.sdk/design_1_wrapper_hw_platform_0/ps7_init.tcl
targets -set -nocase -filter {name =~"APU*" && jtag_cable_name =~ "Xilinx TUL 1234-tulA"} -index 0
loadhw -hw /net/s/dpetitjean/Documents/Codesign_projectfiles/System/System.sdk/design_1_wrapper_hw_platform_0/system.hdf -mem-ranges [list {0x40000000 0xbfffffff}]
configparams force-mem-access 1
targets -set -nocase -filter {name =~"APU*" && jtag_cable_name =~ "Xilinx TUL 1234-tulA"} -index 0
stop
ps7_init
ps7_post_config
targets -set -nocase -filter {name =~ "ARM*#0" && jtag_cable_name =~ "Xilinx TUL 1234-tulA"} -index 0
rst -processor
targets -set -nocase -filter {name =~ "ARM*#0" && jtag_cable_name =~ "Xilinx TUL 1234-tulA"} -index 0
dow /net/s/dpetitjean/Documents/Codesign_projectfiles/System/System.sdk/matrix_m/Debug/matrix_m.elf
configparams force-mem-access 0
----------------End of Script----------------

09:35:57 INFO  : Disconnected from the channel tcfchan#11.
09:54:27 INFO  : 'targets -set -filter {jtag_cable_name =~ "Xilinx TUL 1234-tulA" && level==0} -index 1' command is executed.
09:54:27 INFO  : 'fpga -state' command is executed.
09:54:27 INFO  : Connected to target on host '127.0.0.1' and port '3121'.
09:54:27 INFO  : Jtag cable 'Xilinx TUL 1234-tulA' is selected.
09:54:27 INFO  : 'jtag frequency' command is executed.
09:54:27 INFO  : Sourcing of '/net/s/dpetitjean/Documents/Codesign_projectfiles/System/System.sdk/design_1_wrapper_hw_platform_0/ps7_init.tcl' is done.
09:54:27 INFO  : Context for 'APU' is selected.
09:54:27 INFO  : Hardware design information is loaded from '/net/s/dpetitjean/Documents/Codesign_projectfiles/System/System.sdk/design_1_wrapper_hw_platform_0/system.hdf'.
09:54:27 INFO  : 'configparams force-mem-access 1' command is executed.
09:54:27 INFO  : Context for 'APU' is selected.
09:54:27 INFO  : 'stop' command is executed.
09:54:28 INFO  : 'ps7_init' command is executed.
09:54:28 INFO  : 'ps7_post_config' command is executed.
09:54:28 INFO  : Context for processor 'ps7_cortexa9_0' is selected.
09:54:28 INFO  : Processor reset is completed for 'ps7_cortexa9_0'.
09:54:28 INFO  : Context for processor 'ps7_cortexa9_0' is selected.
09:54:28 INFO  : The application '/net/s/dpetitjean/Documents/Codesign_projectfiles/System/System.sdk/matrix_m/Debug/matrix_m.elf' is downloaded to processor 'ps7_cortexa9_0'.
09:54:28 INFO  : 'configparams force-mem-access 0' command is executed.
09:54:28 INFO  : ----------------XSDB Script----------------
connect -url tcp:127.0.0.1:3121
source /net/s/dpetitjean/Documents/Codesign_projectfiles/System/System.sdk/design_1_wrapper_hw_platform_0/ps7_init.tcl
targets -set -nocase -filter {name =~"APU*" && jtag_cable_name =~ "Xilinx TUL 1234-tulA"} -index 0
loadhw -hw /net/s/dpetitjean/Documents/Codesign_projectfiles/System/System.sdk/design_1_wrapper_hw_platform_0/system.hdf -mem-ranges [list {0x40000000 0xbfffffff}]
configparams force-mem-access 1
targets -set -nocase -filter {name =~"APU*" && jtag_cable_name =~ "Xilinx TUL 1234-tulA"} -index 0
stop
ps7_init
ps7_post_config
targets -set -nocase -filter {name =~ "ARM*#0" && jtag_cable_name =~ "Xilinx TUL 1234-tulA"} -index 0
rst -processor
targets -set -nocase -filter {name =~ "ARM*#0" && jtag_cable_name =~ "Xilinx TUL 1234-tulA"} -index 0
dow /net/s/dpetitjean/Documents/Codesign_projectfiles/System/System.sdk/matrix_m/Debug/matrix_m.elf
configparams force-mem-access 0
----------------End of Script----------------

10:31:43 INFO  : Disconnected from the channel tcfchan#12.
10:32:02 INFO  : 'targets -set -filter {jtag_cable_name =~ "Xilinx TUL 1234-tulA" && level==0} -index 1' command is executed.
10:32:02 INFO  : 'fpga -state' command is executed.
10:32:02 INFO  : Connected to target on host '127.0.0.1' and port '3121'.
10:32:02 INFO  : Jtag cable 'Xilinx TUL 1234-tulA' is selected.
10:32:02 INFO  : 'jtag frequency' command is executed.
10:32:02 INFO  : Sourcing of '/net/s/dpetitjean/Documents/Codesign_projectfiles/System/System.sdk/design_1_wrapper_hw_platform_0/ps7_init.tcl' is done.
10:32:02 INFO  : Context for 'APU' is selected.
10:32:02 INFO  : Hardware design information is loaded from '/net/s/dpetitjean/Documents/Codesign_projectfiles/System/System.sdk/design_1_wrapper_hw_platform_0/system.hdf'.
10:32:02 INFO  : 'configparams force-mem-access 1' command is executed.
10:32:02 INFO  : Context for 'APU' is selected.
10:32:02 INFO  : 'stop' command is executed.
10:32:03 INFO  : 'ps7_init' command is executed.
10:32:03 INFO  : 'ps7_post_config' command is executed.
10:32:03 INFO  : Context for processor 'ps7_cortexa9_0' is selected.
10:32:03 INFO  : Processor reset is completed for 'ps7_cortexa9_0'.
10:32:03 INFO  : Context for processor 'ps7_cortexa9_0' is selected.
10:32:03 INFO  : The application '/net/s/dpetitjean/Documents/Codesign_projectfiles/System/System.sdk/matrix_m/Debug/matrix_m.elf' is downloaded to processor 'ps7_cortexa9_0'.
10:32:03 INFO  : 'configparams force-mem-access 0' command is executed.
10:32:03 INFO  : ----------------XSDB Script----------------
connect -url tcp:127.0.0.1:3121
source /net/s/dpetitjean/Documents/Codesign_projectfiles/System/System.sdk/design_1_wrapper_hw_platform_0/ps7_init.tcl
targets -set -nocase -filter {name =~"APU*" && jtag_cable_name =~ "Xilinx TUL 1234-tulA"} -index 0
loadhw -hw /net/s/dpetitjean/Documents/Codesign_projectfiles/System/System.sdk/design_1_wrapper_hw_platform_0/system.hdf -mem-ranges [list {0x40000000 0xbfffffff}]
configparams force-mem-access 1
targets -set -nocase -filter {name =~"APU*" && jtag_cable_name =~ "Xilinx TUL 1234-tulA"} -index 0
stop
ps7_init
ps7_post_config
targets -set -nocase -filter {name =~ "ARM*#0" && jtag_cable_name =~ "Xilinx TUL 1234-tulA"} -index 0
rst -processor
targets -set -nocase -filter {name =~ "ARM*#0" && jtag_cable_name =~ "Xilinx TUL 1234-tulA"} -index 0
dow /net/s/dpetitjean/Documents/Codesign_projectfiles/System/System.sdk/matrix_m/Debug/matrix_m.elf
configparams force-mem-access 0
----------------End of Script----------------

10:35:41 INFO  : Disconnected from the channel tcfchan#13.
10:35:54 INFO  : 'targets -set -filter {jtag_cable_name =~ "Xilinx TUL 1234-tulA" && level==0} -index 1' command is executed.
10:35:54 INFO  : 'fpga -state' command is executed.
10:35:54 INFO  : Connected to target on host '127.0.0.1' and port '3121'.
10:35:54 INFO  : Jtag cable 'Xilinx TUL 1234-tulA' is selected.
10:35:54 INFO  : 'jtag frequency' command is executed.
10:35:54 INFO  : Sourcing of '/net/s/dpetitjean/Documents/Codesign_projectfiles/System/System.sdk/design_1_wrapper_hw_platform_0/ps7_init.tcl' is done.
10:35:54 INFO  : Context for 'APU' is selected.
10:35:54 INFO  : Hardware design information is loaded from '/net/s/dpetitjean/Documents/Codesign_projectfiles/System/System.sdk/design_1_wrapper_hw_platform_0/system.hdf'.
10:35:54 INFO  : 'configparams force-mem-access 1' command is executed.
10:35:54 INFO  : Context for 'APU' is selected.
10:35:54 INFO  : 'stop' command is executed.
10:35:55 INFO  : 'ps7_init' command is executed.
10:35:55 INFO  : 'ps7_post_config' command is executed.
10:35:55 INFO  : Context for processor 'ps7_cortexa9_0' is selected.
10:35:55 INFO  : Processor reset is completed for 'ps7_cortexa9_0'.
10:35:55 INFO  : Context for processor 'ps7_cortexa9_0' is selected.
10:35:55 INFO  : The application '/net/s/dpetitjean/Documents/Codesign_projectfiles/System/System.sdk/matrix_m/Debug/matrix_m.elf' is downloaded to processor 'ps7_cortexa9_0'.
10:35:55 INFO  : 'configparams force-mem-access 0' command is executed.
10:35:55 INFO  : ----------------XSDB Script----------------
connect -url tcp:127.0.0.1:3121
source /net/s/dpetitjean/Documents/Codesign_projectfiles/System/System.sdk/design_1_wrapper_hw_platform_0/ps7_init.tcl
targets -set -nocase -filter {name =~"APU*" && jtag_cable_name =~ "Xilinx TUL 1234-tulA"} -index 0
loadhw -hw /net/s/dpetitjean/Documents/Codesign_projectfiles/System/System.sdk/design_1_wrapper_hw_platform_0/system.hdf -mem-ranges [list {0x40000000 0xbfffffff}]
configparams force-mem-access 1
targets -set -nocase -filter {name =~"APU*" && jtag_cable_name =~ "Xilinx TUL 1234-tulA"} -index 0
stop
ps7_init
ps7_post_config
targets -set -nocase -filter {name =~ "ARM*#0" && jtag_cable_name =~ "Xilinx TUL 1234-tulA"} -index 0
rst -processor
targets -set -nocase -filter {name =~ "ARM*#0" && jtag_cable_name =~ "Xilinx TUL 1234-tulA"} -index 0
dow /net/s/dpetitjean/Documents/Codesign_projectfiles/System/System.sdk/matrix_m/Debug/matrix_m.elf
configparams force-mem-access 0
----------------End of Script----------------

10:38:16 INFO  : Disconnected from the channel tcfchan#14.
10:38:26 INFO  : 'targets -set -filter {jtag_cable_name =~ "Xilinx TUL 1234-tulA" && level==0} -index 1' command is executed.
10:38:26 INFO  : 'fpga -state' command is executed.
10:38:26 INFO  : Connected to target on host '127.0.0.1' and port '3121'.
10:38:26 INFO  : Jtag cable 'Xilinx TUL 1234-tulA' is selected.
10:38:26 INFO  : 'jtag frequency' command is executed.
10:38:26 INFO  : Sourcing of '/net/s/dpetitjean/Documents/Codesign_projectfiles/System/System.sdk/design_1_wrapper_hw_platform_0/ps7_init.tcl' is done.
10:38:26 INFO  : Context for 'APU' is selected.
10:38:26 INFO  : Hardware design information is loaded from '/net/s/dpetitjean/Documents/Codesign_projectfiles/System/System.sdk/design_1_wrapper_hw_platform_0/system.hdf'.
10:38:26 INFO  : 'configparams force-mem-access 1' command is executed.
10:38:26 INFO  : Context for 'APU' is selected.
10:38:26 INFO  : 'stop' command is executed.
10:38:27 INFO  : 'ps7_init' command is executed.
10:38:27 INFO  : 'ps7_post_config' command is executed.
10:38:27 INFO  : Context for processor 'ps7_cortexa9_0' is selected.
10:38:27 INFO  : Processor reset is completed for 'ps7_cortexa9_0'.
10:38:27 INFO  : Context for processor 'ps7_cortexa9_0' is selected.
10:38:27 INFO  : The application '/net/s/dpetitjean/Documents/Codesign_projectfiles/System/System.sdk/matrix_m/Debug/matrix_m.elf' is downloaded to processor 'ps7_cortexa9_0'.
10:38:27 INFO  : 'configparams force-mem-access 0' command is executed.
10:38:27 INFO  : ----------------XSDB Script----------------
connect -url tcp:127.0.0.1:3121
source /net/s/dpetitjean/Documents/Codesign_projectfiles/System/System.sdk/design_1_wrapper_hw_platform_0/ps7_init.tcl
targets -set -nocase -filter {name =~"APU*" && jtag_cable_name =~ "Xilinx TUL 1234-tulA"} -index 0
loadhw -hw /net/s/dpetitjean/Documents/Codesign_projectfiles/System/System.sdk/design_1_wrapper_hw_platform_0/system.hdf -mem-ranges [list {0x40000000 0xbfffffff}]
configparams force-mem-access 1
targets -set -nocase -filter {name =~"APU*" && jtag_cable_name =~ "Xilinx TUL 1234-tulA"} -index 0
stop
ps7_init
ps7_post_config
targets -set -nocase -filter {name =~ "ARM*#0" && jtag_cable_name =~ "Xilinx TUL 1234-tulA"} -index 0
rst -processor
targets -set -nocase -filter {name =~ "ARM*#0" && jtag_cable_name =~ "Xilinx TUL 1234-tulA"} -index 0
dow /net/s/dpetitjean/Documents/Codesign_projectfiles/System/System.sdk/matrix_m/Debug/matrix_m.elf
configparams force-mem-access 0
----------------End of Script----------------

10:40:29 INFO  : Disconnected from the channel tcfchan#15.
10:55:05 INFO  : 'targets -set -filter {jtag_cable_name =~ "Xilinx TUL 1234-tulA" && level==0} -index 1' command is executed.
10:55:05 INFO  : 'fpga -state' command is executed.
10:55:05 INFO  : Connected to target on host '127.0.0.1' and port '3121'.
10:55:05 INFO  : Jtag cable 'Xilinx TUL 1234-tulA' is selected.
10:55:05 INFO  : 'jtag frequency' command is executed.
10:55:05 INFO  : Sourcing of '/net/s/dpetitjean/Documents/Codesign_projectfiles/System/System.sdk/design_1_wrapper_hw_platform_0/ps7_init.tcl' is done.
10:55:05 INFO  : Context for 'APU' is selected.
10:55:05 INFO  : Hardware design information is loaded from '/net/s/dpetitjean/Documents/Codesign_projectfiles/System/System.sdk/design_1_wrapper_hw_platform_0/system.hdf'.
10:55:05 INFO  : 'configparams force-mem-access 1' command is executed.
10:55:05 INFO  : Context for 'APU' is selected.
10:55:05 INFO  : 'stop' command is executed.
10:55:06 INFO  : 'ps7_init' command is executed.
10:55:06 INFO  : 'ps7_post_config' command is executed.
10:55:06 INFO  : Context for processor 'ps7_cortexa9_0' is selected.
10:55:06 INFO  : Processor reset is completed for 'ps7_cortexa9_0'.
10:55:06 INFO  : Context for processor 'ps7_cortexa9_0' is selected.
10:55:06 INFO  : The application '/net/s/dpetitjean/Documents/Codesign_projectfiles/System/System.sdk/matrix_m/Debug/matrix_m.elf' is downloaded to processor 'ps7_cortexa9_0'.
10:55:06 INFO  : 'configparams force-mem-access 0' command is executed.
10:55:06 INFO  : ----------------XSDB Script----------------
connect -url tcp:127.0.0.1:3121
source /net/s/dpetitjean/Documents/Codesign_projectfiles/System/System.sdk/design_1_wrapper_hw_platform_0/ps7_init.tcl
targets -set -nocase -filter {name =~"APU*" && jtag_cable_name =~ "Xilinx TUL 1234-tulA"} -index 0
loadhw -hw /net/s/dpetitjean/Documents/Codesign_projectfiles/System/System.sdk/design_1_wrapper_hw_platform_0/system.hdf -mem-ranges [list {0x40000000 0xbfffffff}]
configparams force-mem-access 1
targets -set -nocase -filter {name =~"APU*" && jtag_cable_name =~ "Xilinx TUL 1234-tulA"} -index 0
stop
ps7_init
ps7_post_config
targets -set -nocase -filter {name =~ "ARM*#0" && jtag_cable_name =~ "Xilinx TUL 1234-tulA"} -index 0
rst -processor
targets -set -nocase -filter {name =~ "ARM*#0" && jtag_cable_name =~ "Xilinx TUL 1234-tulA"} -index 0
dow /net/s/dpetitjean/Documents/Codesign_projectfiles/System/System.sdk/matrix_m/Debug/matrix_m.elf
configparams force-mem-access 0
----------------End of Script----------------

11:20:11 INFO  : Registering command handlers for SDK TCF services
11:20:12 INFO  : Launching XSCT server: xsct -n -interactive /net/s/dpetitjean/Documents/Codesign_projectfiles/System/System.sdk/temp_xsdb_launch_script.tcl
11:20:13 INFO  : XSCT server has started successfully.
11:20:13 INFO  : Successfully done setting XSCT server connection channel  
11:20:13 INFO  : Processing command line option -hwspec /net/s/dpetitjean/Documents/Codesign_projectfiles/System/System.sdk/design_1_wrapper.hdf.
11:20:13 INFO  : Successfully done setting SDK workspace  
11:20:13 INFO  : Checking for hwspec changes in the project design_1_wrapper_hw_platform_0.
11:20:15 INFO  : SDK has detected change in the last modified timestamps for source hardware specification file Source:1633079947000,  Project:1632818672000
11:20:15 INFO  : The hardware specification for project 'design_1_wrapper_hw_platform_0' is different from /net/s/dpetitjean/Documents/Codesign_projectfiles/System/System.sdk/design_1_wrapper.hdf.
11:20:15 INFO  : Copied contents of /net/s/dpetitjean/Documents/Codesign_projectfiles/System/System.sdk/design_1_wrapper.hdf into /design_1_wrapper_hw_platform_0/system.hdf.
11:20:18 INFO  : Synchronizing projects in the workspace with the hardware platform specification changes.
11:20:24 ERROR : (XSDB Server)ERROR: [Hsi 55-1545] Problem running tcl command ::sw_standalone_v6_7::generate : ERROR: ps7_cortexa9 does not support axi_timer_0 
    while executing
"error "ERROR: $proctype does not support $sleep_timer ""
    (procedure "xsleep_timer_config" line 27)
    invoked from within
"xsleep_timer_config $proctype $os_handle $file_handle"
    (procedure "::sw_standalone_v6_7::generate" line 405)
    invoked from within
"::sw_standalone_v6_7::generate standalone"
ERROR: [Hsi 55-1442] Error(s) while running TCL procedure generate()

11:20:24 ERROR : (XSDB Server)ERROR: [Hsi 55-1450] Error: running generate_bsp.

11:20:24 ERROR : Failed to call sync_sw_with_hw_change
Reason: ERROR: [Common 17-39] 'hsi::generate_bsp' failed due to earlier errors.

11:20:24 ERROR : Error updating BSP project MSS files.
11:20:25 INFO  : Updating hardware inferred compiler options for matrix_m.
11:20:25 INFO  : Clearing existing target manager status.
11:20:37 INFO  : Connected to target on host '127.0.0.1' and port '3121'.
11:20:37 INFO  : 'targets -set -filter {jtag_cable_name =~ "Xilinx TUL 1234-tulA" && level==0} -index 1' command is executed.
11:20:40 INFO  : FPGA configured successfully with bitstream "/net/s/dpetitjean/Documents/Codesign_projectfiles/System/System.sdk/design_1_wrapper_hw_platform_0/design_1_wrapper.bit"
11:29:51 INFO  : 'targets -set -filter {jtag_cable_name =~ "Xilinx TUL 1234-tulA" && level==0} -index 1' command is executed.
11:29:51 INFO  : 'fpga -state' command is executed.
11:29:51 INFO  : Connected to target on host '127.0.0.1' and port '3121'.
11:29:52 INFO  : Jtag cable 'Xilinx TUL 1234-tulA' is selected.
11:29:52 INFO  : 'jtag frequency' command is executed.
11:29:52 INFO  : Sourcing of '/net/s/dpetitjean/Documents/Codesign_projectfiles/System/System.sdk/design_1_wrapper_hw_platform_0/ps7_init.tcl' is done.
11:29:52 INFO  : Context for 'APU' is selected.
11:29:52 INFO  : Hardware design information is loaded from '/net/s/dpetitjean/Documents/Codesign_projectfiles/System/System.sdk/design_1_wrapper_hw_platform_0/system.hdf'.
11:29:52 INFO  : 'configparams force-mem-access 1' command is executed.
11:29:52 INFO  : Context for 'APU' is selected.
11:29:52 INFO  : 'stop' command is executed.
11:29:52 INFO  : 'ps7_init' command is executed.
11:29:52 INFO  : 'ps7_post_config' command is executed.
11:29:52 INFO  : Context for processor 'ps7_cortexa9_0' is selected.
11:29:52 INFO  : Processor reset is completed for 'ps7_cortexa9_0'.
11:29:52 INFO  : Context for processor 'ps7_cortexa9_0' is selected.
11:29:52 INFO  : The application '/net/s/dpetitjean/Documents/Codesign_projectfiles/System/System.sdk/matrix_m/Debug/matrix_m.elf' is downloaded to processor 'ps7_cortexa9_0'.
11:29:52 INFO  : 'configparams force-mem-access 0' command is executed.
11:29:52 INFO  : ----------------XSDB Script----------------
connect -url tcp:127.0.0.1:3121
source /net/s/dpetitjean/Documents/Codesign_projectfiles/System/System.sdk/design_1_wrapper_hw_platform_0/ps7_init.tcl
targets -set -nocase -filter {name =~"APU*" && jtag_cable_name =~ "Xilinx TUL 1234-tulA"} -index 0
loadhw -hw /net/s/dpetitjean/Documents/Codesign_projectfiles/System/System.sdk/design_1_wrapper_hw_platform_0/system.hdf -mem-ranges [list {0x40000000 0xbfffffff}]
configparams force-mem-access 1
targets -set -nocase -filter {name =~"APU*" && jtag_cable_name =~ "Xilinx TUL 1234-tulA"} -index 0
stop
ps7_init
ps7_post_config
targets -set -nocase -filter {name =~ "ARM*#0" && jtag_cable_name =~ "Xilinx TUL 1234-tulA"} -index 0
rst -processor
targets -set -nocase -filter {name =~ "ARM*#0" && jtag_cable_name =~ "Xilinx TUL 1234-tulA"} -index 0
dow /net/s/dpetitjean/Documents/Codesign_projectfiles/System/System.sdk/matrix_m/Debug/matrix_m.elf
configparams force-mem-access 0
----------------End of Script----------------

11:31:07 INFO  : Disconnected from the channel tcfchan#1.
11:31:31 INFO  : 'targets -set -filter {jtag_cable_name =~ "Xilinx TUL 1234-tulA" && level==0} -index 1' command is executed.
11:31:31 INFO  : 'fpga -state' command is executed.
11:31:31 INFO  : Connected to target on host '127.0.0.1' and port '3121'.
11:31:31 INFO  : Jtag cable 'Xilinx TUL 1234-tulA' is selected.
11:31:31 INFO  : 'jtag frequency' command is executed.
11:31:31 INFO  : Sourcing of '/net/s/dpetitjean/Documents/Codesign_projectfiles/System/System.sdk/design_1_wrapper_hw_platform_0/ps7_init.tcl' is done.
11:31:31 INFO  : Context for 'APU' is selected.
11:31:31 INFO  : Hardware design information is loaded from '/net/s/dpetitjean/Documents/Codesign_projectfiles/System/System.sdk/design_1_wrapper_hw_platform_0/system.hdf'.
11:31:31 INFO  : 'configparams force-mem-access 1' command is executed.
11:31:31 INFO  : Context for 'APU' is selected.
11:31:31 INFO  : 'stop' command is executed.
11:31:31 INFO  : 'ps7_init' command is executed.
11:31:31 INFO  : 'ps7_post_config' command is executed.
11:31:31 INFO  : Context for processor 'ps7_cortexa9_0' is selected.
11:31:32 INFO  : Processor reset is completed for 'ps7_cortexa9_0'.
11:31:32 INFO  : Context for processor 'ps7_cortexa9_0' is selected.
11:31:32 INFO  : The application '/net/s/dpetitjean/Documents/Codesign_projectfiles/System/System.sdk/matrix_m/Debug/matrix_m.elf' is downloaded to processor 'ps7_cortexa9_0'.
11:31:32 INFO  : 'configparams force-mem-access 0' command is executed.
11:31:32 INFO  : ----------------XSDB Script----------------
connect -url tcp:127.0.0.1:3121
source /net/s/dpetitjean/Documents/Codesign_projectfiles/System/System.sdk/design_1_wrapper_hw_platform_0/ps7_init.tcl
targets -set -nocase -filter {name =~"APU*" && jtag_cable_name =~ "Xilinx TUL 1234-tulA"} -index 0
loadhw -hw /net/s/dpetitjean/Documents/Codesign_projectfiles/System/System.sdk/design_1_wrapper_hw_platform_0/system.hdf -mem-ranges [list {0x40000000 0xbfffffff}]
configparams force-mem-access 1
targets -set -nocase -filter {name =~"APU*" && jtag_cable_name =~ "Xilinx TUL 1234-tulA"} -index 0
stop
ps7_init
ps7_post_config
targets -set -nocase -filter {name =~ "ARM*#0" && jtag_cable_name =~ "Xilinx TUL 1234-tulA"} -index 0
rst -processor
targets -set -nocase -filter {name =~ "ARM*#0" && jtag_cable_name =~ "Xilinx TUL 1234-tulA"} -index 0
dow /net/s/dpetitjean/Documents/Codesign_projectfiles/System/System.sdk/matrix_m/Debug/matrix_m.elf
configparams force-mem-access 0
----------------End of Script----------------

11:31:32 INFO  : Context for processor 'ps7_cortexa9_0' is selected.
11:31:32 INFO  : 'con' command is executed.
11:31:32 INFO  : ----------------XSDB Script (After Launch)----------------
targets -set -nocase -filter {name =~ "ARM*#0" && jtag_cable_name =~ "Xilinx TUL 1234-tulA"} -index 0
con
----------------End of Script----------------

11:31:32 INFO  : Disconnected from the channel tcfchan#2.
11:31:57 INFO  : 'targets -set -filter {jtag_cable_name =~ "Xilinx TUL 1234-tulA" && level==0} -index 1' command is executed.
11:31:57 INFO  : 'fpga -state' command is executed.
11:31:57 INFO  : Connected to target on host '127.0.0.1' and port '3121'.
11:31:57 INFO  : Jtag cable 'Xilinx TUL 1234-tulA' is selected.
11:31:57 INFO  : 'jtag frequency' command is executed.
11:31:57 INFO  : Sourcing of '/net/s/dpetitjean/Documents/Codesign_projectfiles/System/System.sdk/design_1_wrapper_hw_platform_0/ps7_init.tcl' is done.
11:31:57 INFO  : Context for 'APU' is selected.
11:31:57 INFO  : Hardware design information is loaded from '/net/s/dpetitjean/Documents/Codesign_projectfiles/System/System.sdk/design_1_wrapper_hw_platform_0/system.hdf'.
11:31:57 INFO  : 'configparams force-mem-access 1' command is executed.
11:31:57 INFO  : Context for 'APU' is selected.
11:31:57 INFO  : 'stop' command is executed.
11:31:58 INFO  : 'ps7_init' command is executed.
11:31:58 INFO  : 'ps7_post_config' command is executed.
11:31:58 INFO  : Context for processor 'ps7_cortexa9_0' is selected.
11:31:58 INFO  : Processor reset is completed for 'ps7_cortexa9_0'.
11:31:58 INFO  : Context for processor 'ps7_cortexa9_0' is selected.
11:31:58 INFO  : The application '/net/s/dpetitjean/Documents/Codesign_projectfiles/System/System.sdk/matrix_m/Debug/matrix_m.elf' is downloaded to processor 'ps7_cortexa9_0'.
11:31:58 INFO  : 'configparams force-mem-access 0' command is executed.
11:31:58 INFO  : ----------------XSDB Script----------------
connect -url tcp:127.0.0.1:3121
source /net/s/dpetitjean/Documents/Codesign_projectfiles/System/System.sdk/design_1_wrapper_hw_platform_0/ps7_init.tcl
targets -set -nocase -filter {name =~"APU*" && jtag_cable_name =~ "Xilinx TUL 1234-tulA"} -index 0
loadhw -hw /net/s/dpetitjean/Documents/Codesign_projectfiles/System/System.sdk/design_1_wrapper_hw_platform_0/system.hdf -mem-ranges [list {0x40000000 0xbfffffff}]
configparams force-mem-access 1
targets -set -nocase -filter {name =~"APU*" && jtag_cable_name =~ "Xilinx TUL 1234-tulA"} -index 0
stop
ps7_init
ps7_post_config
targets -set -nocase -filter {name =~ "ARM*#0" && jtag_cable_name =~ "Xilinx TUL 1234-tulA"} -index 0
rst -processor
targets -set -nocase -filter {name =~ "ARM*#0" && jtag_cable_name =~ "Xilinx TUL 1234-tulA"} -index 0
dow /net/s/dpetitjean/Documents/Codesign_projectfiles/System/System.sdk/matrix_m/Debug/matrix_m.elf
configparams force-mem-access 0
----------------End of Script----------------

11:33:43 INFO  : Disconnected from the channel tcfchan#3.
11:34:12 INFO  : 'targets -set -filter {jtag_cable_name =~ "Xilinx TUL 1234-tulA" && level==0} -index 1' command is executed.
11:34:12 INFO  : 'fpga -state' command is executed.
11:34:12 INFO  : Connected to target on host '127.0.0.1' and port '3121'.
11:34:12 INFO  : Jtag cable 'Xilinx TUL 1234-tulA' is selected.
11:34:12 INFO  : 'jtag frequency' command is executed.
11:34:12 INFO  : Sourcing of '/net/s/dpetitjean/Documents/Codesign_projectfiles/System/System.sdk/design_1_wrapper_hw_platform_0/ps7_init.tcl' is done.
11:34:12 INFO  : Context for 'APU' is selected.
11:34:12 INFO  : Hardware design information is loaded from '/net/s/dpetitjean/Documents/Codesign_projectfiles/System/System.sdk/design_1_wrapper_hw_platform_0/system.hdf'.
11:34:12 INFO  : 'configparams force-mem-access 1' command is executed.
11:34:12 INFO  : Context for 'APU' is selected.
11:34:12 INFO  : 'stop' command is executed.
11:34:12 INFO  : 'ps7_init' command is executed.
11:34:12 INFO  : 'ps7_post_config' command is executed.
11:34:12 INFO  : Context for processor 'ps7_cortexa9_0' is selected.
11:34:12 INFO  : Processor reset is completed for 'ps7_cortexa9_0'.
11:34:12 INFO  : Context for processor 'ps7_cortexa9_0' is selected.
11:34:13 INFO  : The application '/net/s/dpetitjean/Documents/Codesign_projectfiles/System/System.sdk/matrix_m/Debug/matrix_m.elf' is downloaded to processor 'ps7_cortexa9_0'.
11:34:13 INFO  : 'configparams force-mem-access 0' command is executed.
11:34:13 INFO  : ----------------XSDB Script----------------
connect -url tcp:127.0.0.1:3121
source /net/s/dpetitjean/Documents/Codesign_projectfiles/System/System.sdk/design_1_wrapper_hw_platform_0/ps7_init.tcl
targets -set -nocase -filter {name =~"APU*" && jtag_cable_name =~ "Xilinx TUL 1234-tulA"} -index 0
loadhw -hw /net/s/dpetitjean/Documents/Codesign_projectfiles/System/System.sdk/design_1_wrapper_hw_platform_0/system.hdf -mem-ranges [list {0x40000000 0xbfffffff}]
configparams force-mem-access 1
targets -set -nocase -filter {name =~"APU*" && jtag_cable_name =~ "Xilinx TUL 1234-tulA"} -index 0
stop
ps7_init
ps7_post_config
targets -set -nocase -filter {name =~ "ARM*#0" && jtag_cable_name =~ "Xilinx TUL 1234-tulA"} -index 0
rst -processor
targets -set -nocase -filter {name =~ "ARM*#0" && jtag_cable_name =~ "Xilinx TUL 1234-tulA"} -index 0
dow /net/s/dpetitjean/Documents/Codesign_projectfiles/System/System.sdk/matrix_m/Debug/matrix_m.elf
configparams force-mem-access 0
----------------End of Script----------------

11:37:55 INFO  : Disconnected from the channel tcfchan#4.
11:38:10 INFO  : 'targets -set -filter {jtag_cable_name =~ "Xilinx TUL 1234-tulA" && level==0} -index 1' command is executed.
11:38:10 INFO  : 'fpga -state' command is executed.
11:38:10 INFO  : Connected to target on host '127.0.0.1' and port '3121'.
11:38:10 INFO  : Jtag cable 'Xilinx TUL 1234-tulA' is selected.
11:38:10 INFO  : 'jtag frequency' command is executed.
11:38:10 INFO  : Sourcing of '/net/s/dpetitjean/Documents/Codesign_projectfiles/System/System.sdk/design_1_wrapper_hw_platform_0/ps7_init.tcl' is done.
11:38:10 INFO  : Context for 'APU' is selected.
11:38:10 INFO  : Hardware design information is loaded from '/net/s/dpetitjean/Documents/Codesign_projectfiles/System/System.sdk/design_1_wrapper_hw_platform_0/system.hdf'.
11:38:10 INFO  : 'configparams force-mem-access 1' command is executed.
11:38:10 INFO  : Context for 'APU' is selected.
11:38:10 INFO  : 'stop' command is executed.
11:38:10 INFO  : 'ps7_init' command is executed.
11:38:10 INFO  : 'ps7_post_config' command is executed.
11:38:10 INFO  : Context for processor 'ps7_cortexa9_0' is selected.
11:38:10 INFO  : Processor reset is completed for 'ps7_cortexa9_0'.
11:38:10 INFO  : Context for processor 'ps7_cortexa9_0' is selected.
11:38:11 INFO  : The application '/net/s/dpetitjean/Documents/Codesign_projectfiles/System/System.sdk/matrix_m/Debug/matrix_m.elf' is downloaded to processor 'ps7_cortexa9_0'.
11:38:11 INFO  : 'configparams force-mem-access 0' command is executed.
11:38:11 INFO  : ----------------XSDB Script----------------
connect -url tcp:127.0.0.1:3121
source /net/s/dpetitjean/Documents/Codesign_projectfiles/System/System.sdk/design_1_wrapper_hw_platform_0/ps7_init.tcl
targets -set -nocase -filter {name =~"APU*" && jtag_cable_name =~ "Xilinx TUL 1234-tulA"} -index 0
loadhw -hw /net/s/dpetitjean/Documents/Codesign_projectfiles/System/System.sdk/design_1_wrapper_hw_platform_0/system.hdf -mem-ranges [list {0x40000000 0xbfffffff}]
configparams force-mem-access 1
targets -set -nocase -filter {name =~"APU*" && jtag_cable_name =~ "Xilinx TUL 1234-tulA"} -index 0
stop
ps7_init
ps7_post_config
targets -set -nocase -filter {name =~ "ARM*#0" && jtag_cable_name =~ "Xilinx TUL 1234-tulA"} -index 0
rst -processor
targets -set -nocase -filter {name =~ "ARM*#0" && jtag_cable_name =~ "Xilinx TUL 1234-tulA"} -index 0
dow /net/s/dpetitjean/Documents/Codesign_projectfiles/System/System.sdk/matrix_m/Debug/matrix_m.elf
configparams force-mem-access 0
----------------End of Script----------------

11:39:23 INFO  : Disconnected from the channel tcfchan#5.
11:39:58 INFO  : 'targets -set -filter {jtag_cable_name =~ "Xilinx TUL 1234-tulA" && level==0} -index 1' command is executed.
11:39:58 INFO  : 'fpga -state' command is executed.
11:39:58 INFO  : Connected to target on host '127.0.0.1' and port '3121'.
11:39:58 INFO  : Jtag cable 'Xilinx TUL 1234-tulA' is selected.
11:39:58 INFO  : 'jtag frequency' command is executed.
11:39:58 INFO  : Sourcing of '/net/s/dpetitjean/Documents/Codesign_projectfiles/System/System.sdk/design_1_wrapper_hw_platform_0/ps7_init.tcl' is done.
11:39:58 INFO  : Context for 'APU' is selected.
11:39:58 INFO  : Hardware design information is loaded from '/net/s/dpetitjean/Documents/Codesign_projectfiles/System/System.sdk/design_1_wrapper_hw_platform_0/system.hdf'.
11:39:58 INFO  : 'configparams force-mem-access 1' command is executed.
11:39:58 INFO  : Context for 'APU' is selected.
11:39:58 INFO  : 'stop' command is executed.
11:39:59 INFO  : 'ps7_init' command is executed.
11:39:59 INFO  : 'ps7_post_config' command is executed.
11:39:59 INFO  : Context for processor 'ps7_cortexa9_0' is selected.
11:39:59 INFO  : Processor reset is completed for 'ps7_cortexa9_0'.
11:39:59 INFO  : Context for processor 'ps7_cortexa9_0' is selected.
11:39:59 INFO  : The application '/net/s/dpetitjean/Documents/Codesign_projectfiles/System/System.sdk/matrix_m/Debug/matrix_m.elf' is downloaded to processor 'ps7_cortexa9_0'.
11:39:59 INFO  : 'configparams force-mem-access 0' command is executed.
11:39:59 INFO  : ----------------XSDB Script----------------
connect -url tcp:127.0.0.1:3121
source /net/s/dpetitjean/Documents/Codesign_projectfiles/System/System.sdk/design_1_wrapper_hw_platform_0/ps7_init.tcl
targets -set -nocase -filter {name =~"APU*" && jtag_cable_name =~ "Xilinx TUL 1234-tulA"} -index 0
loadhw -hw /net/s/dpetitjean/Documents/Codesign_projectfiles/System/System.sdk/design_1_wrapper_hw_platform_0/system.hdf -mem-ranges [list {0x40000000 0xbfffffff}]
configparams force-mem-access 1
targets -set -nocase -filter {name =~"APU*" && jtag_cable_name =~ "Xilinx TUL 1234-tulA"} -index 0
stop
ps7_init
ps7_post_config
targets -set -nocase -filter {name =~ "ARM*#0" && jtag_cable_name =~ "Xilinx TUL 1234-tulA"} -index 0
rst -processor
targets -set -nocase -filter {name =~ "ARM*#0" && jtag_cable_name =~ "Xilinx TUL 1234-tulA"} -index 0
dow /net/s/dpetitjean/Documents/Codesign_projectfiles/System/System.sdk/matrix_m/Debug/matrix_m.elf
configparams force-mem-access 0
----------------End of Script----------------

11:45:17 INFO  : Disconnected from the channel tcfchan#6.
08:53:48 INFO  : Registering command handlers for SDK TCF services
08:53:49 INFO  : Launching XSCT server: xsct -n -interactive /net/s/dpetitjean/Documents/Codesign_projectfiles/System/System.sdk/temp_xsdb_launch_script.tcl
08:53:50 INFO  : XSCT server has started successfully.
08:53:50 INFO  : Successfully done setting XSCT server connection channel  
08:53:50 INFO  : Processing command line option -hwspec /net/s/dpetitjean/Documents/Codesign_projectfiles/System/System.sdk/design_1_wrapper.hdf.
08:53:50 INFO  : Successfully done setting SDK workspace  
08:53:50 INFO  : Checking for hwspec changes in the project design_1_wrapper_hw_platform_0.
08:54:30 INFO  : 'targets -set -filter {jtag_cable_name =~ "Xilinx TUL 1234-tulA" && level==0} -index 1' command is executed.
08:54:30 INFO  : 'fpga -state' command is executed.
08:54:30 INFO  : Connected to target on host '127.0.0.1' and port '3121'.
08:54:30 INFO  : Jtag cable 'Xilinx TUL 1234-tulA' is selected.
08:54:30 INFO  : 'jtag frequency' command is executed.
08:54:30 INFO  : Sourcing of '/net/s/dpetitjean/Documents/Codesign_projectfiles/System/System.sdk/design_1_wrapper_hw_platform_0/ps7_init.tcl' is done.
08:54:30 INFO  : Context for 'APU' is selected.
08:54:30 INFO  : Hardware design information is loaded from '/net/s/dpetitjean/Documents/Codesign_projectfiles/System/System.sdk/design_1_wrapper_hw_platform_0/system.hdf'.
08:54:30 INFO  : 'configparams force-mem-access 1' command is executed.
08:54:30 INFO  : Context for 'APU' is selected.
08:54:30 INFO  : 'stop' command is executed.
08:54:30 INFO  : 'ps7_init' command is executed.
08:54:30 INFO  : 'ps7_post_config' command is executed.
08:54:30 INFO  : Context for processor 'ps7_cortexa9_0' is selected.
08:54:30 INFO  : Processor reset is completed for 'ps7_cortexa9_0'.
08:54:30 INFO  : Context for processor 'ps7_cortexa9_0' is selected.
08:54:31 INFO  : The application '/net/s/dpetitjean/Documents/Codesign_projectfiles/System/System.sdk/matrix_m/Debug/matrix_m.elf' is downloaded to processor 'ps7_cortexa9_0'.
08:54:31 INFO  : 'configparams force-mem-access 0' command is executed.
08:54:31 INFO  : ----------------XSDB Script----------------
connect -url tcp:127.0.0.1:3121
source /net/s/dpetitjean/Documents/Codesign_projectfiles/System/System.sdk/design_1_wrapper_hw_platform_0/ps7_init.tcl
targets -set -nocase -filter {name =~"APU*" && jtag_cable_name =~ "Xilinx TUL 1234-tulA"} -index 0
loadhw -hw /net/s/dpetitjean/Documents/Codesign_projectfiles/System/System.sdk/design_1_wrapper_hw_platform_0/system.hdf -mem-ranges [list {0x40000000 0xbfffffff}]
configparams force-mem-access 1
targets -set -nocase -filter {name =~"APU*" && jtag_cable_name =~ "Xilinx TUL 1234-tulA"} -index 0
stop
ps7_init
ps7_post_config
targets -set -nocase -filter {name =~ "ARM*#0" && jtag_cable_name =~ "Xilinx TUL 1234-tulA"} -index 0
rst -processor
targets -set -nocase -filter {name =~ "ARM*#0" && jtag_cable_name =~ "Xilinx TUL 1234-tulA"} -index 0
dow /net/s/dpetitjean/Documents/Codesign_projectfiles/System/System.sdk/matrix_m/Debug/matrix_m.elf
configparams force-mem-access 0
----------------End of Script----------------

08:56:43 INFO  : Disconnected from the channel tcfchan#1.
08:57:35 INFO  : 'targets -set -filter {jtag_cable_name =~ "Xilinx TUL 1234-tulA" && level==0} -index 1' command is executed.
08:57:36 INFO  : 'fpga -state' command is executed.
08:57:36 INFO  : Connected to target on host '127.0.0.1' and port '3121'.
08:57:36 INFO  : Jtag cable 'Xilinx TUL 1234-tulA' is selected.
08:57:36 INFO  : 'jtag frequency' command is executed.
08:57:36 INFO  : Sourcing of '/net/s/dpetitjean/Documents/Codesign_projectfiles/System/System.sdk/design_1_wrapper_hw_platform_0/ps7_init.tcl' is done.
08:57:36 INFO  : Context for 'APU' is selected.
08:57:36 INFO  : Hardware design information is loaded from '/net/s/dpetitjean/Documents/Codesign_projectfiles/System/System.sdk/design_1_wrapper_hw_platform_0/system.hdf'.
08:57:36 INFO  : 'configparams force-mem-access 1' command is executed.
08:57:36 INFO  : Context for 'APU' is selected.
08:57:36 INFO  : 'stop' command is executed.
08:57:36 INFO  : 'ps7_init' command is executed.
08:57:36 INFO  : 'ps7_post_config' command is executed.
08:57:36 INFO  : Context for processor 'ps7_cortexa9_0' is selected.
08:57:36 INFO  : Processor reset is completed for 'ps7_cortexa9_0'.
08:57:36 INFO  : Context for processor 'ps7_cortexa9_0' is selected.
08:57:37 INFO  : The application '/net/s/dpetitjean/Documents/Codesign_projectfiles/System/System.sdk/matrix_m/Debug/matrix_m.elf' is downloaded to processor 'ps7_cortexa9_0'.
08:57:37 INFO  : 'configparams force-mem-access 0' command is executed.
08:57:37 INFO  : ----------------XSDB Script----------------
connect -url tcp:127.0.0.1:3121
source /net/s/dpetitjean/Documents/Codesign_projectfiles/System/System.sdk/design_1_wrapper_hw_platform_0/ps7_init.tcl
targets -set -nocase -filter {name =~"APU*" && jtag_cable_name =~ "Xilinx TUL 1234-tulA"} -index 0
loadhw -hw /net/s/dpetitjean/Documents/Codesign_projectfiles/System/System.sdk/design_1_wrapper_hw_platform_0/system.hdf -mem-ranges [list {0x40000000 0xbfffffff}]
configparams force-mem-access 1
targets -set -nocase -filter {name =~"APU*" && jtag_cable_name =~ "Xilinx TUL 1234-tulA"} -index 0
stop
ps7_init
ps7_post_config
targets -set -nocase -filter {name =~ "ARM*#0" && jtag_cable_name =~ "Xilinx TUL 1234-tulA"} -index 0
rst -processor
targets -set -nocase -filter {name =~ "ARM*#0" && jtag_cable_name =~ "Xilinx TUL 1234-tulA"} -index 0
dow /net/s/dpetitjean/Documents/Codesign_projectfiles/System/System.sdk/matrix_m/Debug/matrix_m.elf
configparams force-mem-access 0
----------------End of Script----------------

08:59:54 INFO  : Disconnected from the channel tcfchan#2.
09:10:38 INFO  : 'targets -set -filter {jtag_cable_name =~ "Xilinx TUL 1234-tulA" && level==0} -index 1' command is executed.
09:10:38 INFO  : 'fpga -state' command is executed.
09:10:38 INFO  : Connected to target on host '127.0.0.1' and port '3121'.
09:10:39 INFO  : Jtag cable 'Xilinx TUL 1234-tulA' is selected.
09:10:39 INFO  : 'jtag frequency' command is executed.
09:10:39 INFO  : Sourcing of '/net/s/dpetitjean/Documents/Codesign_projectfiles/System/System.sdk/design_1_wrapper_hw_platform_0/ps7_init.tcl' is done.
09:10:39 INFO  : Context for 'APU' is selected.
09:10:39 INFO  : Hardware design information is loaded from '/net/s/dpetitjean/Documents/Codesign_projectfiles/System/System.sdk/design_1_wrapper_hw_platform_0/system.hdf'.
09:10:39 INFO  : 'configparams force-mem-access 1' command is executed.
09:10:39 INFO  : Context for 'APU' is selected.
09:10:39 INFO  : 'stop' command is executed.
09:10:39 INFO  : 'ps7_init' command is executed.
09:10:39 INFO  : 'ps7_post_config' command is executed.
09:10:39 INFO  : Context for processor 'ps7_cortexa9_0' is selected.
09:10:39 INFO  : Processor reset is completed for 'ps7_cortexa9_0'.
09:10:39 INFO  : Context for processor 'ps7_cortexa9_0' is selected.
09:10:39 INFO  : The application '/net/s/dpetitjean/Documents/Codesign_projectfiles/System/System.sdk/matrix_m/Debug/matrix_m.elf' is downloaded to processor 'ps7_cortexa9_0'.
09:10:39 INFO  : 'configparams force-mem-access 0' command is executed.
09:10:39 INFO  : ----------------XSDB Script----------------
connect -url tcp:127.0.0.1:3121
source /net/s/dpetitjean/Documents/Codesign_projectfiles/System/System.sdk/design_1_wrapper_hw_platform_0/ps7_init.tcl
targets -set -nocase -filter {name =~"APU*" && jtag_cable_name =~ "Xilinx TUL 1234-tulA"} -index 0
loadhw -hw /net/s/dpetitjean/Documents/Codesign_projectfiles/System/System.sdk/design_1_wrapper_hw_platform_0/system.hdf -mem-ranges [list {0x40000000 0xbfffffff}]
configparams force-mem-access 1
targets -set -nocase -filter {name =~"APU*" && jtag_cable_name =~ "Xilinx TUL 1234-tulA"} -index 0
stop
ps7_init
ps7_post_config
targets -set -nocase -filter {name =~ "ARM*#0" && jtag_cable_name =~ "Xilinx TUL 1234-tulA"} -index 0
rst -processor
targets -set -nocase -filter {name =~ "ARM*#0" && jtag_cable_name =~ "Xilinx TUL 1234-tulA"} -index 0
dow /net/s/dpetitjean/Documents/Codesign_projectfiles/System/System.sdk/matrix_m/Debug/matrix_m.elf
configparams force-mem-access 0
----------------End of Script----------------

09:11:54 INFO  : Disconnected from the channel tcfchan#3.
